Build started 22.04.2018 22:52:13.
     1>Project "C:\Users\user\Desktop\ZPWM\ZPWM\lab04-mucha\make.visual\make.visual.2012.vcxproj" on node 2 (Build target(s)).
     1>C:\Program Files (x86)\MSBuild\Microsoft.Cpp\v4.0\V110\Microsoft.CppBuild.targets(346,5): warning MSB8004: Output Directory does not end with a trailing slash.  This build instance will add the slash as it is required to allow proper evaluation of the Output Directory.
     1>ClCompile:
         C:\Program Files (x86)\Microsoft Visual Studio 11.0\VC\bin\CL.exe /c /ZI /nologo /W3 /WX- /Od /Oy- /D _MBCS /Gm /EHsc /RTC1 /MDd /GS /fp:precise /Zc:wchar_t /Zc:forScope /Fo"Debug\\" /Fd"Debug\vc110.pdb" /Gd /TP /analyze- /errorReport:prompt ..\source\main.cpp
         main.cpp
     1>c:\users\user\desktop\zpwm\zpwm\lab04-mucha\source\main.cpp(33): warning C4244: 'argument' : conversion from 'time_t' to 'unsigned int', possible loss of data
     1>c:\users\user\desktop\zpwm\zpwm\lab04-mucha\source\main.cpp(61): warning C4244: '+=' : conversion from 'double' to 'int', possible loss of data
     1>c:\users\user\desktop\zpwm\zpwm\lab04-mucha\source\main.cpp(62): warning C4244: '+=' : conversion from 'double' to 'int', possible loss of data
     1>c:\users\user\desktop\zpwm\zpwm\lab04-mucha\source\main.cpp(263): warning C4244: 'argument' : conversion from 'double' to 'UINT', possible loss of data
     1>c:\users\user\desktop\zpwm\zpwm\lab04-mucha\source\main.cpp(264): warning C4244: 'argument' : conversion from 'double' to 'UINT', possible loss of data
     1>c:\users\user\desktop\zpwm\zpwm\lab04-mucha\source\main.cpp(265): warning C4244: 'argument' : conversion from 'double' to 'UINT', possible loss of data
     1>c:\users\user\desktop\zpwm\zpwm\lab04-mucha\source\main.cpp(129): warning C4715: 'sMucha::click' : not all control paths return a value
       Link:
         C:\Program Files (x86)\Microsoft Visual Studio 11.0\VC\bin\link.exe /ERRORREPORT:PROMPT /OUT:"C:\Users\user\Desktop\ZPWM\ZPWM\lab04-mucha\make.visual\\..\bin\App.exe" /INCREMENTAL /NOLOGO kernel32.lib user32.lib gdi32.lib winspool.lib comdlg32.lib advapi32.lib shell32.lib ole32.lib oleaut32.lib uuid.lib odbc32.lib odbccp32.lib /MANIFEST /MANIFESTUAC:"level='asInvoker' uiAccess='false'" /manifest:embed /DEBUG /PDB:"C:\Users\user\Desktop\ZPWM\ZPWM\lab04-mucha\make.visual\\..\bin\App.pdb" /TLBID:1 /DYNAMICBASE /NXCOMPAT /IMPLIB:"C:\Users\user\Desktop\ZPWM\ZPWM\lab04-mucha\make.visual\\..\bin\App.lib" /MACHINE:X86 Debug\res.res
         Debug\main.obj
         make.visual.2012.vcxproj -> C:\Users\user\Desktop\ZPWM\ZPWM\lab04-mucha\make.visual\\..\bin\App.exe
     1>Done Building Project "C:\Users\user\Desktop\ZPWM\ZPWM\lab04-mucha\make.visual\make.visual.2012.vcxproj" (Build target(s)).

Build succeeded.

Time Elapsed 00:00:03.20
